<?xml version="1.0" encoding="UTF-8"?>
<testng-results skipped="0" failed="0" total="1" passed="1">
  <reporter-output>
  </reporter-output>
  <suite name="Default suite" duration-ms="78" started-at="2016-08-10T07:07:11Z" finished-at="2016-08-10T07:07:11Z">
    <groups>
    </groups>
    <test name="Default test" duration-ms="78" started-at="2016-08-10T07:07:11Z" finished-at="2016-08-10T07:07:11Z">
      <class name="orangehrm.demo">
        <test-method status="PASS" signature="init()[pri:0, instance:orangehrm.demo@3a71ad88]" name="init" duration-ms="16" started-at="2016-08-10T12:37:11Z" finished-at="2016-08-10T12:37:11Z">
          <reporter-output>
          </reporter-output>
        </test-method> <!-- init -->
      </class> <!-- orangehrm.demo -->
    </test> <!-- Default test -->
  </suite> <!-- Default suite -->
</testng-results>
